<?xml version="1.0" encoding="UTF-8"?>
<!-- Generated by org.testng.reporters.JUnitReportReporter -->
<testsuite hostname="DESKTOP-VFG9JJC" failures="0" tests="1" name="com.mystore.testcases.TC_ProductPurchasePageTest" time="30.739" errors="0" timestamp="2024-06-12T23:35:58 BDT" skipped="0">
  <testcase classname="com.mystore.testcases.TC_ProductPurchasePageTest" name="verifyProductPurchase" time="30.739"/>
</testsuite> <!-- com.mystore.testcases.TC_ProductPurchasePageTest -->
