<?xml version="1.0" encoding="UTF-8"?>
<!-- Generated by org.testng.reporters.JUnitReportReporter -->
<testsuite hostname="DESKTOP-VFG9JJC" failures="0" tests="1" name="com.mystore.testcases.TC_ProductSearchPageTest" time="6.516" errors="0" timestamp="2024-06-12T23:19:22 BDT" skipped="0">
  <testcase classname="com.mystore.testcases.TC_ProductSearchPageTest" name="searchProductData" time="6.516"/>
</testsuite> <!-- com.mystore.testcases.TC_ProductSearchPageTest -->
